V |                      | ArgumentsFromParametersFile.OnBuildCreated (150)
V |                      | Passing value for Build.Solution (Aggregetter.Aggre/Aggregetter.Aggre.sln)
V |                      | InjectParameterValues.OnBuildCreated (100)
V |                      | HandleShellCompletion.OnBuildCreated (75)
V |                      | GenerateBuildServerConfigurations.OnBuildCreated (50)
V |                      | InvokeBuildServerConfigurationGeneration.OnBuildCreated (45)
V |                      | UpdateNotification.OnBuildCreated (10)
V |                      | UnsetVisualStudioEnvironmentVariables.OnBuildCreated (0)
V |                      | HandleVisualStudioDebugging.OnBuildCreated (0)
V |                      | HandleSingleFileExecution.OnBuildCreated (-50)
V |                      | EventInvoker.OnBuildCreated (-3.4028235E+38)
V |                      | HandleHelpRequests.OnBuildInitialized (5)
V |                      | Telemetry.OnBuildInitialized (0)
W |                      | Attempting second-chance registration of MSBuild after RegisterDefaults failed
W |                      | Could not register MSBuild: Could not load file or assembly 'System.Runtime, Version=7.0.0.0, Culture=neutral, PublicKeyToken=b03f5f7f11d50a3a'. The system cannot find the file specified.
W |                      | Exception was suppressed
System.IO.FileNotFoundException: Could not load file or assembly 'System.Runtime, Version=7.0.0.0, Culture=neutral, PublicKeyToken=b03f5f7f11d50a3a'. The system cannot find the file specified.
File name: 'System.Runtime, Version=7.0.0.0, Culture=neutral, PublicKeyToken=b03f5f7f11d50a3a'
   at Nuke.Common.Execution.Telemetry.CheckAwareness()
V |                      | InjectNonParameterValues.OnBuildInitialized (-100)
V |                      | EventInvoker.OnBuildInitialized (-3.4028235E+38)
V | Restore              | EventInvoker.OnTargetRunning (-3.4028235E+38)
I | Restore              | > "C:\Program Files\dotnet\dotnet.exe" restore C:\source\Aggregetter\Aggregetter.Aggre\Aggregetter.Aggre.sln
D | Restore              |   Determining projects to restore...
D | Restore              |   All projects are up-to-date for restore.
V | Restore              | Telemetry.OnTargetSucceeded (0)
V | Restore              | EventInvoker.OnTargetSucceeded (-3.4028235E+38)
V | Compile              | EventInvoker.OnTargetRunning (-3.4028235E+38)
I | Compile              | > "C:\Program Files\dotnet\dotnet.exe" build C:\source\Aggregetter\Aggregetter.Aggre\Aggregetter.Aggre.sln --configuration Debug --no-restore
D | Compile              | MSBuild version 17.4.0+18d5aef85 for .NET
D | Compile              |   Aggregetter.Aggre.Parser -> C:\source\Aggregetter\Aggregetter.Aggre\Aggregetter.Aggre.Parser\bin\Debug\net6.0\Aggregetter.Aggre.Parser.dll
D | Compile              |   Aggregetter.Aggre.Domain -> C:\source\Aggregetter\Aggregetter.Aggre\Aggregetter.Aggre.Domain\bin\Debug\net6.0\Aggregetter.Aggre.Domain.dll
D | Compile              |   Aggregetter.Aggre.Application -> C:\source\Aggregetter\Aggregetter.Aggre\Aggregetter.Aggre.Application\bin\Debug\net6.0\Aggregetter.Aggre.Application.dll
D | Compile              |   Aggregetter.Aggre.Persistence -> C:\source\Aggregetter\Aggregetter.Aggre\Aggregetter.Aggre.Persistance\bin\Debug\net6.0\Aggregetter.Aggre.Persistence.dll
D | Compile              |   Aggregetter.Aggre.Application.UnitTests -> C:\source\Aggregetter\Aggregetter.Aggre\Aggregetter.Aggre.Application.UnitTests\bin\Debug\net6.0\Aggregetter.Aggre.Application.UnitTests.dll
D | Compile              |   Aggregetter.Aggre.Infrastructure -> C:\source\Aggregetter\Aggregetter.Aggre\Aggregetter.Aggre.Infrastructure\bin\Debug\net6.0\Aggregetter.Aggre.Infrastructure.dll
D | Compile              |   Aggregetter.Aggre.Identity -> C:\source\Aggregetter\Aggregetter.Aggre\Aggregetter.Aggre.Identity\bin\Debug\net6.0\Aggregetter.Aggre.Identity.dll
D | Compile              |   Aggregetter.Aggre.API -> C:\source\Aggregetter\Aggregetter.Aggre\Aggregetter.Aggre.API\bin\Debug\net6.0\Aggregetter.Aggre.API.dll
W | Compile              | C:\Program Files\dotnet\sdk\7.0.100\Microsoft.Common.CurrentVersion.targets(2352,5): warning MSB3277: Found conflicts between different versions of "Microsoft.EntityFrameworkCore.Relational" that could not be resolved. [C:\source\Aggregetter\Aggregetter.Aggre\Aggregetter.Aggre.API.IntegrationTests\Aggregetter.Aggre.API.IntegrationTests.csproj]
W | Compile              | C:\Program Files\dotnet\sdk\7.0.100\Microsoft.Common.CurrentVersion.targets(2352,5): warning MSB3277: There was a conflict between "Microsoft.EntityFrameworkCore.Relational, Version=6.0.2.0, Culture=neutral, PublicKeyToken=adb9793829ddae60" and "Microsoft.EntityFrameworkCore.Relational, Version=6.0.6.0, Culture=neutral, PublicKeyToken=adb9793829ddae60". [C:\source\Aggregetter\Aggregetter.Aggre\Aggregetter.Aggre.API.IntegrationTests\Aggregetter.Aggre.API.IntegrationTests.csproj]
W | Compile              | C:\Program Files\dotnet\sdk\7.0.100\Microsoft.Common.CurrentVersion.targets(2352,5): warning MSB3277:     "Microsoft.EntityFrameworkCore.Relational, Version=6.0.2.0, Culture=neutral, PublicKeyToken=adb9793829ddae60" was chosen because it was primary and "Microsoft.EntityFrameworkCore.Relational, Version=6.0.6.0, Culture=neutral, PublicKeyToken=adb9793829ddae60" was not. [C:\source\Aggregetter\Aggregetter.Aggre\Aggregetter.Aggre.API.IntegrationTests\Aggregetter.Aggre.API.IntegrationTests.csproj]
W | Compile              | C:\Program Files\dotnet\sdk\7.0.100\Microsoft.Common.CurrentVersion.targets(2352,5): warning MSB3277:     References which depend on "Microsoft.EntityFrameworkCore.Relational, Version=6.0.2.0, Culture=neutral, PublicKeyToken=adb9793829ddae60" [C:\Users\user\.nuget\packages\microsoft.entityframeworkcore.relational\6.0.2\lib\net6.0\Microsoft.EntityFrameworkCore.Relational.dll]. [C:\source\Aggregetter\Aggregetter.Aggre\Aggregetter.Aggre.API.IntegrationTests\Aggregetter.Aggre.API.IntegrationTests.csproj]
W | Compile              | C:\Program Files\dotnet\sdk\7.0.100\Microsoft.Common.CurrentVersion.targets(2352,5): warning MSB3277:         C:\Users\user\.nuget\packages\microsoft.entityframeworkcore.relational\6.0.2\lib\net6.0\Microsoft.EntityFrameworkCore.Relational.dll [C:\source\Aggregetter\Aggregetter.Aggre\Aggregetter.Aggre.API.IntegrationTests\Aggregetter.Aggre.API.IntegrationTests.csproj]
W | Compile              | C:\Program Files\dotnet\sdk\7.0.100\Microsoft.Common.CurrentVersion.targets(2352,5): warning MSB3277:           Project file item includes which caused reference "C:\Users\user\.nuget\packages\microsoft.entityframeworkcore.relational\6.0.2\lib\net6.0\Microsoft.EntityFrameworkCore.Relational.dll". [C:\source\Aggregetter\Aggregetter.Aggre\Aggregetter.Aggre.API.IntegrationTests\Aggregetter.Aggre.API.IntegrationTests.csproj]
W | Compile              | C:\Program Files\dotnet\sdk\7.0.100\Microsoft.Common.CurrentVersion.targets(2352,5): warning MSB3277:             C:\Users\user\.nuget\packages\microsoft.entityframeworkcore.relational\6.0.2\lib\net6.0\Microsoft.EntityFrameworkCore.Relational.dll [C:\source\Aggregetter\Aggregetter.Aggre\Aggregetter.Aggre.API.IntegrationTests\Aggregetter.Aggre.API.IntegrationTests.csproj]
W | Compile              | C:\Program Files\dotnet\sdk\7.0.100\Microsoft.Common.CurrentVersion.targets(2352,5): warning MSB3277:     References which depend on "Microsoft.EntityFrameworkCore.Relational, Version=6.0.6.0, Culture=neutral, PublicKeyToken=adb9793829ddae60" []. [C:\source\Aggregetter\Aggregetter.Aggre\Aggregetter.Aggre.API.IntegrationTests\Aggregetter.Aggre.API.IntegrationTests.csproj]
W | Compile              | C:\Program Files\dotnet\sdk\7.0.100\Microsoft.Common.CurrentVersion.targets(2352,5): warning MSB3277:         C:\source\Aggregetter\Aggregetter.Aggre\Aggregetter.Aggre.API\bin\Debug\net6.0\Aggregetter.Aggre.API.dll [C:\source\Aggregetter\Aggregetter.Aggre\Aggregetter.Aggre.API.IntegrationTests\Aggregetter.Aggre.API.IntegrationTests.csproj]
W | Compile              | C:\Program Files\dotnet\sdk\7.0.100\Microsoft.Common.CurrentVersion.targets(2352,5): warning MSB3277:           Project file item includes which caused reference "C:\source\Aggregetter\Aggregetter.Aggre\Aggregetter.Aggre.API\bin\Debug\net6.0\Aggregetter.Aggre.API.dll". [C:\source\Aggregetter\Aggregetter.Aggre\Aggregetter.Aggre.API.IntegrationTests\Aggregetter.Aggre.API.IntegrationTests.csproj]
W | Compile              | C:\Program Files\dotnet\sdk\7.0.100\Microsoft.Common.CurrentVersion.targets(2352,5): warning MSB3277:             C:\source\Aggregetter\Aggregetter.Aggre\Aggregetter.Aggre.API\bin\Debug\net6.0\Aggregetter.Aggre.API.dll [C:\source\Aggregetter\Aggregetter.Aggre\Aggregetter.Aggre.API.IntegrationTests\Aggregetter.Aggre.API.IntegrationTests.csproj]
W | Compile              | C:\Program Files\dotnet\sdk\7.0.100\Microsoft.Common.CurrentVersion.targets(2352,5): warning MSB3277:         C:\source\Aggregetter\Aggregetter.Aggre\Aggregetter.Aggre.Identity\bin\Debug\net6.0\Aggregetter.Aggre.Identity.dll [C:\source\Aggregetter\Aggregetter.Aggre\Aggregetter.Aggre.API.IntegrationTests\Aggregetter.Aggre.API.IntegrationTests.csproj]
W | Compile              | C:\Program Files\dotnet\sdk\7.0.100\Microsoft.Common.CurrentVersion.targets(2352,5): warning MSB3277:           Project file item includes which caused reference "C:\source\Aggregetter\Aggregetter.Aggre\Aggregetter.Aggre.Identity\bin\Debug\net6.0\Aggregetter.Aggre.Identity.dll". [C:\source\Aggregetter\Aggregetter.Aggre\Aggregetter.Aggre.API.IntegrationTests\Aggregetter.Aggre.API.IntegrationTests.csproj]
W | Compile              | C:\Program Files\dotnet\sdk\7.0.100\Microsoft.Common.CurrentVersion.targets(2352,5): warning MSB3277:             C:\source\Aggregetter\Aggregetter.Aggre\Aggregetter.Aggre.Identity\bin\Debug\net6.0\Aggregetter.Aggre.Identity.dll [C:\source\Aggregetter\Aggregetter.Aggre\Aggregetter.Aggre.API.IntegrationTests\Aggregetter.Aggre.API.IntegrationTests.csproj]
W | Compile              | C:\Program Files\dotnet\sdk\7.0.100\Microsoft.Common.CurrentVersion.targets(2352,5): warning MSB3277:             C:\source\Aggregetter\Aggregetter.Aggre\Aggregetter.Aggre.API\bin\Debug\net6.0\Aggregetter.Aggre.API.dll [C:\source\Aggregetter\Aggregetter.Aggre\Aggregetter.Aggre.API.IntegrationTests\Aggregetter.Aggre.API.IntegrationTests.csproj]
W | Compile              | C:\Program Files\dotnet\sdk\7.0.100\Microsoft.Common.CurrentVersion.targets(2352,5): warning MSB3277:         C:\source\Aggregetter\Aggregetter.Aggre\Aggregetter.Aggre.Persistance\bin\Debug\net6.0\Aggregetter.Aggre.Persistence.dll [C:\source\Aggregetter\Aggregetter.Aggre\Aggregetter.Aggre.API.IntegrationTests\Aggregetter.Aggre.API.IntegrationTests.csproj]
W | Compile              | C:\Program Files\dotnet\sdk\7.0.100\Microsoft.Common.CurrentVersion.targets(2352,5): warning MSB3277:           Project file item includes which caused reference "C:\source\Aggregetter\Aggregetter.Aggre\Aggregetter.Aggre.Persistance\bin\Debug\net6.0\Aggregetter.Aggre.Persistence.dll". [C:\source\Aggregetter\Aggregetter.Aggre\Aggregetter.Aggre.API.IntegrationTests\Aggregetter.Aggre.API.IntegrationTests.csproj]
W | Compile              | C:\Program Files\dotnet\sdk\7.0.100\Microsoft.Common.CurrentVersion.targets(2352,5): warning MSB3277:             C:\source\Aggregetter\Aggregetter.Aggre\Aggregetter.Aggre.Persistance\bin\Debug\net6.0\Aggregetter.Aggre.Persistence.dll [C:\source\Aggregetter\Aggregetter.Aggre\Aggregetter.Aggre.API.IntegrationTests\Aggregetter.Aggre.API.IntegrationTests.csproj]
W | Compile              | C:\Program Files\dotnet\sdk\7.0.100\Microsoft.Common.CurrentVersion.targets(2352,5): warning MSB3277:             C:\source\Aggregetter\Aggregetter.Aggre\Aggregetter.Aggre.API\bin\Debug\net6.0\Aggregetter.Aggre.API.dll [C:\source\Aggregetter\Aggregetter.Aggre\Aggregetter.Aggre.API.IntegrationTests\Aggregetter.Aggre.API.IntegrationTests.csproj]
D | Compile              |   Aggregetter.Aggre.API.IntegrationTests -> C:\source\Aggregetter\Aggregetter.Aggre\Aggregetter.Aggre.API.IntegrationTests\bin\Debug\net6.0\Aggregetter.Aggre.API.IntegrationTests.dll
D | Compile              | 
D | Compile              | Build succeeded.
D | Compile              | 
W | Compile              | C:\Program Files\dotnet\sdk\7.0.100\Microsoft.Common.CurrentVersion.targets(2352,5): warning MSB3277: Found conflicts between different versions of "Microsoft.EntityFrameworkCore.Relational" that could not be resolved. [C:\source\Aggregetter\Aggregetter.Aggre\Aggregetter.Aggre.API.IntegrationTests\Aggregetter.Aggre.API.IntegrationTests.csproj]
W | Compile              | C:\Program Files\dotnet\sdk\7.0.100\Microsoft.Common.CurrentVersion.targets(2352,5): warning MSB3277: There was a conflict between "Microsoft.EntityFrameworkCore.Relational, Version=6.0.2.0, Culture=neutral, PublicKeyToken=adb9793829ddae60" and "Microsoft.EntityFrameworkCore.Relational, Version=6.0.6.0, Culture=neutral, PublicKeyToken=adb9793829ddae60". [C:\source\Aggregetter\Aggregetter.Aggre\Aggregetter.Aggre.API.IntegrationTests\Aggregetter.Aggre.API.IntegrationTests.csproj]
W | Compile              | C:\Program Files\dotnet\sdk\7.0.100\Microsoft.Common.CurrentVersion.targets(2352,5): warning MSB3277:     "Microsoft.EntityFrameworkCore.Relational, Version=6.0.2.0, Culture=neutral, PublicKeyToken=adb9793829ddae60" was chosen because it was primary and "Microsoft.EntityFrameworkCore.Relational, Version=6.0.6.0, Culture=neutral, PublicKeyToken=adb9793829ddae60" was not. [C:\source\Aggregetter\Aggregetter.Aggre\Aggregetter.Aggre.API.IntegrationTests\Aggregetter.Aggre.API.IntegrationTests.csproj]
W | Compile              | C:\Program Files\dotnet\sdk\7.0.100\Microsoft.Common.CurrentVersion.targets(2352,5): warning MSB3277:     References which depend on "Microsoft.EntityFrameworkCore.Relational, Version=6.0.2.0, Culture=neutral, PublicKeyToken=adb9793829ddae60" [C:\Users\user\.nuget\packages\microsoft.entityframeworkcore.relational\6.0.2\lib\net6.0\Microsoft.EntityFrameworkCore.Relational.dll]. [C:\source\Aggregetter\Aggregetter.Aggre\Aggregetter.Aggre.API.IntegrationTests\Aggregetter.Aggre.API.IntegrationTests.csproj]
W | Compile              | C:\Program Files\dotnet\sdk\7.0.100\Microsoft.Common.CurrentVersion.targets(2352,5): warning MSB3277:         C:\Users\user\.nuget\packages\microsoft.entityframeworkcore.relational\6.0.2\lib\net6.0\Microsoft.EntityFrameworkCore.Relational.dll [C:\source\Aggregetter\Aggregetter.Aggre\Aggregetter.Aggre.API.IntegrationTests\Aggregetter.Aggre.API.IntegrationTests.csproj]
W | Compile              | C:\Program Files\dotnet\sdk\7.0.100\Microsoft.Common.CurrentVersion.targets(2352,5): warning MSB3277:           Project file item includes which caused reference "C:\Users\user\.nuget\packages\microsoft.entityframeworkcore.relational\6.0.2\lib\net6.0\Microsoft.EntityFrameworkCore.Relational.dll". [C:\source\Aggregetter\Aggregetter.Aggre\Aggregetter.Aggre.API.IntegrationTests\Aggregetter.Aggre.API.IntegrationTests.csproj]
W | Compile              | C:\Program Files\dotnet\sdk\7.0.100\Microsoft.Common.CurrentVersion.targets(2352,5): warning MSB3277:             C:\Users\user\.nuget\packages\microsoft.entityframeworkcore.relational\6.0.2\lib\net6.0\Microsoft.EntityFrameworkCore.Relational.dll [C:\source\Aggregetter\Aggregetter.Aggre\Aggregetter.Aggre.API.IntegrationTests\Aggregetter.Aggre.API.IntegrationTests.csproj]
W | Compile              | C:\Program Files\dotnet\sdk\7.0.100\Microsoft.Common.CurrentVersion.targets(2352,5): warning MSB3277:     References which depend on "Microsoft.EntityFrameworkCore.Relational, Version=6.0.6.0, Culture=neutral, PublicKeyToken=adb9793829ddae60" []. [C:\source\Aggregetter\Aggregetter.Aggre\Aggregetter.Aggre.API.IntegrationTests\Aggregetter.Aggre.API.IntegrationTests.csproj]
W | Compile              | C:\Program Files\dotnet\sdk\7.0.100\Microsoft.Common.CurrentVersion.targets(2352,5): warning MSB3277:         C:\source\Aggregetter\Aggregetter.Aggre\Aggregetter.Aggre.API\bin\Debug\net6.0\Aggregetter.Aggre.API.dll [C:\source\Aggregetter\Aggregetter.Aggre\Aggregetter.Aggre.API.IntegrationTests\Aggregetter.Aggre.API.IntegrationTests.csproj]
W | Compile              | C:\Program Files\dotnet\sdk\7.0.100\Microsoft.Common.CurrentVersion.targets(2352,5): warning MSB3277:           Project file item includes which caused reference "C:\source\Aggregetter\Aggregetter.Aggre\Aggregetter.Aggre.API\bin\Debug\net6.0\Aggregetter.Aggre.API.dll". [C:\source\Aggregetter\Aggregetter.Aggre\Aggregetter.Aggre.API.IntegrationTests\Aggregetter.Aggre.API.IntegrationTests.csproj]
W | Compile              | C:\Program Files\dotnet\sdk\7.0.100\Microsoft.Common.CurrentVersion.targets(2352,5): warning MSB3277:             C:\source\Aggregetter\Aggregetter.Aggre\Aggregetter.Aggre.API\bin\Debug\net6.0\Aggregetter.Aggre.API.dll [C:\source\Aggregetter\Aggregetter.Aggre\Aggregetter.Aggre.API.IntegrationTests\Aggregetter.Aggre.API.IntegrationTests.csproj]
W | Compile              | C:\Program Files\dotnet\sdk\7.0.100\Microsoft.Common.CurrentVersion.targets(2352,5): warning MSB3277:         C:\source\Aggregetter\Aggregetter.Aggre\Aggregetter.Aggre.Identity\bin\Debug\net6.0\Aggregetter.Aggre.Identity.dll [C:\source\Aggregetter\Aggregetter.Aggre\Aggregetter.Aggre.API.IntegrationTests\Aggregetter.Aggre.API.IntegrationTests.csproj]
W | Compile              | C:\Program Files\dotnet\sdk\7.0.100\Microsoft.Common.CurrentVersion.targets(2352,5): warning MSB3277:           Project file item includes which caused reference "C:\source\Aggregetter\Aggregetter.Aggre\Aggregetter.Aggre.Identity\bin\Debug\net6.0\Aggregetter.Aggre.Identity.dll". [C:\source\Aggregetter\Aggregetter.Aggre\Aggregetter.Aggre.API.IntegrationTests\Aggregetter.Aggre.API.IntegrationTests.csproj]
W | Compile              | C:\Program Files\dotnet\sdk\7.0.100\Microsoft.Common.CurrentVersion.targets(2352,5): warning MSB3277:             C:\source\Aggregetter\Aggregetter.Aggre\Aggregetter.Aggre.Identity\bin\Debug\net6.0\Aggregetter.Aggre.Identity.dll [C:\source\Aggregetter\Aggregetter.Aggre\Aggregetter.Aggre.API.IntegrationTests\Aggregetter.Aggre.API.IntegrationTests.csproj]
W | Compile              | C:\Program Files\dotnet\sdk\7.0.100\Microsoft.Common.CurrentVersion.targets(2352,5): warning MSB3277:             C:\source\Aggregetter\Aggregetter.Aggre\Aggregetter.Aggre.API\bin\Debug\net6.0\Aggregetter.Aggre.API.dll [C:\source\Aggregetter\Aggregetter.Aggre\Aggregetter.Aggre.API.IntegrationTests\Aggregetter.Aggre.API.IntegrationTests.csproj]
W | Compile              | C:\Program Files\dotnet\sdk\7.0.100\Microsoft.Common.CurrentVersion.targets(2352,5): warning MSB3277:         C:\source\Aggregetter\Aggregetter.Aggre\Aggregetter.Aggre.Persistance\bin\Debug\net6.0\Aggregetter.Aggre.Persistence.dll [C:\source\Aggregetter\Aggregetter.Aggre\Aggregetter.Aggre.API.IntegrationTests\Aggregetter.Aggre.API.IntegrationTests.csproj]
W | Compile              | C:\Program Files\dotnet\sdk\7.0.100\Microsoft.Common.CurrentVersion.targets(2352,5): warning MSB3277:           Project file item includes which caused reference "C:\source\Aggregetter\Aggregetter.Aggre\Aggregetter.Aggre.Persistance\bin\Debug\net6.0\Aggregetter.Aggre.Persistence.dll". [C:\source\Aggregetter\Aggregetter.Aggre\Aggregetter.Aggre.API.IntegrationTests\Aggregetter.Aggre.API.IntegrationTests.csproj]
W | Compile              | C:\Program Files\dotnet\sdk\7.0.100\Microsoft.Common.CurrentVersion.targets(2352,5): warning MSB3277:             C:\source\Aggregetter\Aggregetter.Aggre\Aggregetter.Aggre.Persistance\bin\Debug\net6.0\Aggregetter.Aggre.Persistence.dll [C:\source\Aggregetter\Aggregetter.Aggre\Aggregetter.Aggre.API.IntegrationTests\Aggregetter.Aggre.API.IntegrationTests.csproj]
W | Compile              | C:\Program Files\dotnet\sdk\7.0.100\Microsoft.Common.CurrentVersion.targets(2352,5): warning MSB3277:             C:\source\Aggregetter\Aggregetter.Aggre\Aggregetter.Aggre.API\bin\Debug\net6.0\Aggregetter.Aggre.API.dll [C:\source\Aggregetter\Aggregetter.Aggre\Aggregetter.Aggre.API.IntegrationTests\Aggregetter.Aggre.API.IntegrationTests.csproj]
D | Compile              |     1 Warning(s)
D | Compile              |     0 Error(s)
D | Compile              | 
D | Compile              | Time Elapsed 00:00:01.41
V | Compile              | Telemetry.OnTargetSucceeded (0)
V | Compile              | EventInvoker.OnTargetSucceeded (-3.4028235E+38)
