21:05:13.998 | V |                      | ArgumentsFromParametersFile.OnBuildCreated (150)
21:05:14.030 | V |                      | Passing value for Build.Solution (Aggregetter.Aggre/Aggregetter.Aggre.sln)
21:05:14.037 | V |                      | InjectParameterValues.OnBuildCreated (100)
21:05:14.071 | V |                      | HandleShellCompletion.OnBuildCreated (75)
21:05:14.143 | V |                      | GenerateBuildServerConfigurations.OnBuildCreated (50)
21:05:14.144 | V |                      | InvokeBuildServerConfigurationGeneration.OnBuildCreated (45)
21:05:14.153 | V |                      | UpdateNotification.OnBuildCreated (10)
21:05:14.153 | V |                      | UnsetVisualStudioEnvironmentVariables.OnBuildCreated (0)
21:05:14.154 | V |                      | HandleVisualStudioDebugging.OnBuildCreated (0)
21:05:14.155 | V |                      | HandleSingleFileExecution.OnBuildCreated (-50)
21:05:14.155 | V |                      | EventInvoker.OnBuildCreated (-3.4028235E+38)
21:05:14.166 | V |                      | HandleHelpRequests.OnBuildInitialized (5)
21:05:14.166 | V |                      | Telemetry.OnBuildInitialized (0)
21:05:14.277 | W |                      | Attempting second-chance registration of MSBuild after RegisterDefaults failed
21:05:14.392 | W |                      | Could not register MSBuild: Could not load file or assembly 'System.Runtime, Version=7.0.0.0, Culture=neutral, PublicKeyToken=b03f5f7f11d50a3a'. The system cannot find the file specified.
21:05:14.394 | W |                      | Exception was suppressed
System.IO.FileNotFoundException: Could not load file or assembly 'System.Runtime, Version=7.0.0.0, Culture=neutral, PublicKeyToken=b03f5f7f11d50a3a'. The system cannot find the file specified.
File name: 'System.Runtime, Version=7.0.0.0, Culture=neutral, PublicKeyToken=b03f5f7f11d50a3a'
   at Nuke.Common.Execution.Telemetry.CheckAwareness()
21:05:14.405 | V |                      | InjectNonParameterValues.OnBuildInitialized (-100)
21:05:14.405 | V |                      | EventInvoker.OnBuildInitialized (-3.4028235E+38)
21:05:14.414 | V | Restore              | EventInvoker.OnTargetRunning (-3.4028235E+38)
21:05:14.426 | I | Restore              | > "C:\Program Files\dotnet\dotnet.exe" restore C:\source\Aggregetter\Aggregetter.Aggre\Aggregetter.Aggre.sln
21:05:14.950 | D | Restore              |   Determining projects to restore...
21:05:15.163 | D | Restore              |   All projects are up-to-date for restore.
21:05:15.193 | V | Restore              | Telemetry.OnTargetSucceeded (0)
21:05:15.194 | V | Restore              | EventInvoker.OnTargetSucceeded (-3.4028235E+38)
21:05:15.195 | V | Compile              | EventInvoker.OnTargetRunning (-3.4028235E+38)
21:05:15.200 | I | Compile              | > "C:\Program Files\dotnet\dotnet.exe" build C:\source\Aggregetter\Aggregetter.Aggre\Aggregetter.Aggre.sln --configuration Debug --no-restore
21:05:15.306 | D | Compile              | MSBuild version 17.4.0+18d5aef85 for .NET
21:05:15.594 | D | Compile              |   Aggregetter.Aggre.Parser -> C:\source\Aggregetter\Aggregetter.Aggre\Aggregetter.Aggre.Parser\bin\Debug\net6.0\Aggregetter.Aggre.Parser.dll
21:05:15.878 | D | Compile              |   Aggregetter.Aggre.Domain -> C:\source\Aggregetter\Aggregetter.Aggre\Aggregetter.Aggre.Domain\bin\Debug\net6.0\Aggregetter.Aggre.Domain.dll
21:05:15.933 | D | Compile              |   Aggregetter.Aggre.Application -> C:\source\Aggregetter\Aggregetter.Aggre\Aggregetter.Aggre.Application\bin\Debug\net6.0\Aggregetter.Aggre.Application.dll
21:05:15.993 | D | Compile              |   Aggregetter.Aggre.Infrastructure -> C:\source\Aggregetter\Aggregetter.Aggre\Aggregetter.Aggre.Infrastructure\bin\Debug\net6.0\Aggregetter.Aggre.Infrastructure.dll
21:05:15.995 | D | Compile              |   Aggregetter.Aggre.Persistence -> C:\source\Aggregetter\Aggregetter.Aggre\Aggregetter.Aggre.Persistance\bin\Debug\net6.0\Aggregetter.Aggre.Persistence.dll
21:05:16.025 | D | Compile              |   Aggregetter.Aggre.Application.UnitTests -> C:\source\Aggregetter\Aggregetter.Aggre\Aggregetter.Aggre.Application.UnitTests\bin\Debug\net6.0\Aggregetter.Aggre.Application.UnitTests.dll
21:05:16.074 | D | Compile              |   Aggregetter.Aggre.Identity -> C:\source\Aggregetter\Aggregetter.Aggre\Aggregetter.Aggre.Identity\bin\Debug\net6.0\Aggregetter.Aggre.Identity.dll
21:05:16.184 | D | Compile              |   Aggregetter.Aggre.API -> C:\source\Aggregetter\Aggregetter.Aggre\Aggregetter.Aggre.API\bin\Debug\net6.0\Aggregetter.Aggre.API.dll
21:05:16.273 | W | Compile              | C:\Program Files\dotnet\sdk\7.0.100\Microsoft.Common.CurrentVersion.targets(2352,5): warning MSB3277: Found conflicts between different versions of "Microsoft.EntityFrameworkCore.Relational" that could not be resolved. [C:\source\Aggregetter\Aggregetter.Aggre\Aggregetter.Aggre.API.IntegrationTests\Aggregetter.Aggre.API.IntegrationTests.csproj]
21:05:16.273 | W | Compile              | C:\Program Files\dotnet\sdk\7.0.100\Microsoft.Common.CurrentVersion.targets(2352,5): warning MSB3277: There was a conflict between "Microsoft.EntityFrameworkCore.Relational, Version=6.0.2.0, Culture=neutral, PublicKeyToken=adb9793829ddae60" and "Microsoft.EntityFrameworkCore.Relational, Version=6.0.6.0, Culture=neutral, PublicKeyToken=adb9793829ddae60". [C:\source\Aggregetter\Aggregetter.Aggre\Aggregetter.Aggre.API.IntegrationTests\Aggregetter.Aggre.API.IntegrationTests.csproj]
21:05:16.273 | W | Compile              | C:\Program Files\dotnet\sdk\7.0.100\Microsoft.Common.CurrentVersion.targets(2352,5): warning MSB3277:     "Microsoft.EntityFrameworkCore.Relational, Version=6.0.2.0, Culture=neutral, PublicKeyToken=adb9793829ddae60" was chosen because it was primary and "Microsoft.EntityFrameworkCore.Relational, Version=6.0.6.0, Culture=neutral, PublicKeyToken=adb9793829ddae60" was not. [C:\source\Aggregetter\Aggregetter.Aggre\Aggregetter.Aggre.API.IntegrationTests\Aggregetter.Aggre.API.IntegrationTests.csproj]
21:05:16.274 | W | Compile              | C:\Program Files\dotnet\sdk\7.0.100\Microsoft.Common.CurrentVersion.targets(2352,5): warning MSB3277:     References which depend on "Microsoft.EntityFrameworkCore.Relational, Version=6.0.2.0, Culture=neutral, PublicKeyToken=adb9793829ddae60" [C:\Users\user\.nuget\packages\microsoft.entityframeworkcore.relational\6.0.2\lib\net6.0\Microsoft.EntityFrameworkCore.Relational.dll]. [C:\source\Aggregetter\Aggregetter.Aggre\Aggregetter.Aggre.API.IntegrationTests\Aggregetter.Aggre.API.IntegrationTests.csproj]
21:05:16.274 | W | Compile              | C:\Program Files\dotnet\sdk\7.0.100\Microsoft.Common.CurrentVersion.targets(2352,5): warning MSB3277:         C:\Users\user\.nuget\packages\microsoft.entityframeworkcore.relational\6.0.2\lib\net6.0\Microsoft.EntityFrameworkCore.Relational.dll [C:\source\Aggregetter\Aggregetter.Aggre\Aggregetter.Aggre.API.IntegrationTests\Aggregetter.Aggre.API.IntegrationTests.csproj]
21:05:16.274 | W | Compile              | C:\Program Files\dotnet\sdk\7.0.100\Microsoft.Common.CurrentVersion.targets(2352,5): warning MSB3277:           Project file item includes which caused reference "C:\Users\user\.nuget\packages\microsoft.entityframeworkcore.relational\6.0.2\lib\net6.0\Microsoft.EntityFrameworkCore.Relational.dll". [C:\source\Aggregetter\Aggregetter.Aggre\Aggregetter.Aggre.API.IntegrationTests\Aggregetter.Aggre.API.IntegrationTests.csproj]
21:05:16.274 | W | Compile              | C:\Program Files\dotnet\sdk\7.0.100\Microsoft.Common.CurrentVersion.targets(2352,5): warning MSB3277:             C:\Users\user\.nuget\packages\microsoft.entityframeworkcore.relational\6.0.2\lib\net6.0\Microsoft.EntityFrameworkCore.Relational.dll [C:\source\Aggregetter\Aggregetter.Aggre\Aggregetter.Aggre.API.IntegrationTests\Aggregetter.Aggre.API.IntegrationTests.csproj]
21:05:16.275 | W | Compile              | C:\Program Files\dotnet\sdk\7.0.100\Microsoft.Common.CurrentVersion.targets(2352,5): warning MSB3277:     References which depend on "Microsoft.EntityFrameworkCore.Relational, Version=6.0.6.0, Culture=neutral, PublicKeyToken=adb9793829ddae60" []. [C:\source\Aggregetter\Aggregetter.Aggre\Aggregetter.Aggre.API.IntegrationTests\Aggregetter.Aggre.API.IntegrationTests.csproj]
21:05:16.275 | W | Compile              | C:\Program Files\dotnet\sdk\7.0.100\Microsoft.Common.CurrentVersion.targets(2352,5): warning MSB3277:         C:\source\Aggregetter\Aggregetter.Aggre\Aggregetter.Aggre.API\bin\Debug\net6.0\Aggregetter.Aggre.API.dll [C:\source\Aggregetter\Aggregetter.Aggre\Aggregetter.Aggre.API.IntegrationTests\Aggregetter.Aggre.API.IntegrationTests.csproj]
21:05:16.275 | W | Compile              | C:\Program Files\dotnet\sdk\7.0.100\Microsoft.Common.CurrentVersion.targets(2352,5): warning MSB3277:           Project file item includes which caused reference "C:\source\Aggregetter\Aggregetter.Aggre\Aggregetter.Aggre.API\bin\Debug\net6.0\Aggregetter.Aggre.API.dll". [C:\source\Aggregetter\Aggregetter.Aggre\Aggregetter.Aggre.API.IntegrationTests\Aggregetter.Aggre.API.IntegrationTests.csproj]
21:05:16.275 | W | Compile              | C:\Program Files\dotnet\sdk\7.0.100\Microsoft.Common.CurrentVersion.targets(2352,5): warning MSB3277:             C:\source\Aggregetter\Aggregetter.Aggre\Aggregetter.Aggre.API\bin\Debug\net6.0\Aggregetter.Aggre.API.dll [C:\source\Aggregetter\Aggregetter.Aggre\Aggregetter.Aggre.API.IntegrationTests\Aggregetter.Aggre.API.IntegrationTests.csproj]
21:05:16.275 | W | Compile              | C:\Program Files\dotnet\sdk\7.0.100\Microsoft.Common.CurrentVersion.targets(2352,5): warning MSB3277:         C:\source\Aggregetter\Aggregetter.Aggre\Aggregetter.Aggre.Identity\bin\Debug\net6.0\Aggregetter.Aggre.Identity.dll [C:\source\Aggregetter\Aggregetter.Aggre\Aggregetter.Aggre.API.IntegrationTests\Aggregetter.Aggre.API.IntegrationTests.csproj]
21:05:16.275 | W | Compile              | C:\Program Files\dotnet\sdk\7.0.100\Microsoft.Common.CurrentVersion.targets(2352,5): warning MSB3277:           Project file item includes which caused reference "C:\source\Aggregetter\Aggregetter.Aggre\Aggregetter.Aggre.Identity\bin\Debug\net6.0\Aggregetter.Aggre.Identity.dll". [C:\source\Aggregetter\Aggregetter.Aggre\Aggregetter.Aggre.API.IntegrationTests\Aggregetter.Aggre.API.IntegrationTests.csproj]
21:05:16.276 | W | Compile              | C:\Program Files\dotnet\sdk\7.0.100\Microsoft.Common.CurrentVersion.targets(2352,5): warning MSB3277:             C:\source\Aggregetter\Aggregetter.Aggre\Aggregetter.Aggre.Identity\bin\Debug\net6.0\Aggregetter.Aggre.Identity.dll [C:\source\Aggregetter\Aggregetter.Aggre\Aggregetter.Aggre.API.IntegrationTests\Aggregetter.Aggre.API.IntegrationTests.csproj]
21:05:16.276 | W | Compile              | C:\Program Files\dotnet\sdk\7.0.100\Microsoft.Common.CurrentVersion.targets(2352,5): warning MSB3277:             C:\source\Aggregetter\Aggregetter.Aggre\Aggregetter.Aggre.API\bin\Debug\net6.0\Aggregetter.Aggre.API.dll [C:\source\Aggregetter\Aggregetter.Aggre\Aggregetter.Aggre.API.IntegrationTests\Aggregetter.Aggre.API.IntegrationTests.csproj]
21:05:16.276 | W | Compile              | C:\Program Files\dotnet\sdk\7.0.100\Microsoft.Common.CurrentVersion.targets(2352,5): warning MSB3277:         C:\source\Aggregetter\Aggregetter.Aggre\Aggregetter.Aggre.Persistance\bin\Debug\net6.0\Aggregetter.Aggre.Persistence.dll [C:\source\Aggregetter\Aggregetter.Aggre\Aggregetter.Aggre.API.IntegrationTests\Aggregetter.Aggre.API.IntegrationTests.csproj]
21:05:16.276 | W | Compile              | C:\Program Files\dotnet\sdk\7.0.100\Microsoft.Common.CurrentVersion.targets(2352,5): warning MSB3277:           Project file item includes which caused reference "C:\source\Aggregetter\Aggregetter.Aggre\Aggregetter.Aggre.Persistance\bin\Debug\net6.0\Aggregetter.Aggre.Persistence.dll". [C:\source\Aggregetter\Aggregetter.Aggre\Aggregetter.Aggre.API.IntegrationTests\Aggregetter.Aggre.API.IntegrationTests.csproj]
21:05:16.276 | W | Compile              | C:\Program Files\dotnet\sdk\7.0.100\Microsoft.Common.CurrentVersion.targets(2352,5): warning MSB3277:             C:\source\Aggregetter\Aggregetter.Aggre\Aggregetter.Aggre.Persistance\bin\Debug\net6.0\Aggregetter.Aggre.Persistence.dll [C:\source\Aggregetter\Aggregetter.Aggre\Aggregetter.Aggre.API.IntegrationTests\Aggregetter.Aggre.API.IntegrationTests.csproj]
21:05:16.276 | W | Compile              | C:\Program Files\dotnet\sdk\7.0.100\Microsoft.Common.CurrentVersion.targets(2352,5): warning MSB3277:             C:\source\Aggregetter\Aggregetter.Aggre\Aggregetter.Aggre.API\bin\Debug\net6.0\Aggregetter.Aggre.API.dll [C:\source\Aggregetter\Aggregetter.Aggre\Aggregetter.Aggre.API.IntegrationTests\Aggregetter.Aggre.API.IntegrationTests.csproj]
21:05:16.349 | D | Compile              |   Aggregetter.Aggre.API.IntegrationTests -> C:\source\Aggregetter\Aggregetter.Aggre\Aggregetter.Aggre.API.IntegrationTests\bin\Debug\net6.0\Aggregetter.Aggre.API.IntegrationTests.dll
21:05:16.384 | D | Compile              | 
21:05:16.384 | D | Compile              | Build succeeded.
21:05:16.384 | D | Compile              | 
21:05:16.385 | W | Compile              | C:\Program Files\dotnet\sdk\7.0.100\Microsoft.Common.CurrentVersion.targets(2352,5): warning MSB3277: Found conflicts between different versions of "Microsoft.EntityFrameworkCore.Relational" that could not be resolved. [C:\source\Aggregetter\Aggregetter.Aggre\Aggregetter.Aggre.API.IntegrationTests\Aggregetter.Aggre.API.IntegrationTests.csproj]
21:05:16.385 | W | Compile              | C:\Program Files\dotnet\sdk\7.0.100\Microsoft.Common.CurrentVersion.targets(2352,5): warning MSB3277: There was a conflict between "Microsoft.EntityFrameworkCore.Relational, Version=6.0.2.0, Culture=neutral, PublicKeyToken=adb9793829ddae60" and "Microsoft.EntityFrameworkCore.Relational, Version=6.0.6.0, Culture=neutral, PublicKeyToken=adb9793829ddae60". [C:\source\Aggregetter\Aggregetter.Aggre\Aggregetter.Aggre.API.IntegrationTests\Aggregetter.Aggre.API.IntegrationTests.csproj]
21:05:16.385 | W | Compile              | C:\Program Files\dotnet\sdk\7.0.100\Microsoft.Common.CurrentVersion.targets(2352,5): warning MSB3277:     "Microsoft.EntityFrameworkCore.Relational, Version=6.0.2.0, Culture=neutral, PublicKeyToken=adb9793829ddae60" was chosen because it was primary and "Microsoft.EntityFrameworkCore.Relational, Version=6.0.6.0, Culture=neutral, PublicKeyToken=adb9793829ddae60" was not. [C:\source\Aggregetter\Aggregetter.Aggre\Aggregetter.Aggre.API.IntegrationTests\Aggregetter.Aggre.API.IntegrationTests.csproj]
21:05:16.385 | W | Compile              | C:\Program Files\dotnet\sdk\7.0.100\Microsoft.Common.CurrentVersion.targets(2352,5): warning MSB3277:     References which depend on "Microsoft.EntityFrameworkCore.Relational, Version=6.0.2.0, Culture=neutral, PublicKeyToken=adb9793829ddae60" [C:\Users\user\.nuget\packages\microsoft.entityframeworkcore.relational\6.0.2\lib\net6.0\Microsoft.EntityFrameworkCore.Relational.dll]. [C:\source\Aggregetter\Aggregetter.Aggre\Aggregetter.Aggre.API.IntegrationTests\Aggregetter.Aggre.API.IntegrationTests.csproj]
21:05:16.386 | W | Compile              | C:\Program Files\dotnet\sdk\7.0.100\Microsoft.Common.CurrentVersion.targets(2352,5): warning MSB3277:         C:\Users\user\.nuget\packages\microsoft.entityframeworkcore.relational\6.0.2\lib\net6.0\Microsoft.EntityFrameworkCore.Relational.dll [C:\source\Aggregetter\Aggregetter.Aggre\Aggregetter.Aggre.API.IntegrationTests\Aggregetter.Aggre.API.IntegrationTests.csproj]
21:05:16.386 | W | Compile              | C:\Program Files\dotnet\sdk\7.0.100\Microsoft.Common.CurrentVersion.targets(2352,5): warning MSB3277:           Project file item includes which caused reference "C:\Users\user\.nuget\packages\microsoft.entityframeworkcore.relational\6.0.2\lib\net6.0\Microsoft.EntityFrameworkCore.Relational.dll". [C:\source\Aggregetter\Aggregetter.Aggre\Aggregetter.Aggre.API.IntegrationTests\Aggregetter.Aggre.API.IntegrationTests.csproj]
21:05:16.386 | W | Compile              | C:\Program Files\dotnet\sdk\7.0.100\Microsoft.Common.CurrentVersion.targets(2352,5): warning MSB3277:             C:\Users\user\.nuget\packages\microsoft.entityframeworkcore.relational\6.0.2\lib\net6.0\Microsoft.EntityFrameworkCore.Relational.dll [C:\source\Aggregetter\Aggregetter.Aggre\Aggregetter.Aggre.API.IntegrationTests\Aggregetter.Aggre.API.IntegrationTests.csproj]
21:05:16.386 | W | Compile              | C:\Program Files\dotnet\sdk\7.0.100\Microsoft.Common.CurrentVersion.targets(2352,5): warning MSB3277:     References which depend on "Microsoft.EntityFrameworkCore.Relational, Version=6.0.6.0, Culture=neutral, PublicKeyToken=adb9793829ddae60" []. [C:\source\Aggregetter\Aggregetter.Aggre\Aggregetter.Aggre.API.IntegrationTests\Aggregetter.Aggre.API.IntegrationTests.csproj]
21:05:16.387 | W | Compile              | C:\Program Files\dotnet\sdk\7.0.100\Microsoft.Common.CurrentVersion.targets(2352,5): warning MSB3277:         C:\source\Aggregetter\Aggregetter.Aggre\Aggregetter.Aggre.API\bin\Debug\net6.0\Aggregetter.Aggre.API.dll [C:\source\Aggregetter\Aggregetter.Aggre\Aggregetter.Aggre.API.IntegrationTests\Aggregetter.Aggre.API.IntegrationTests.csproj]
21:05:16.387 | W | Compile              | C:\Program Files\dotnet\sdk\7.0.100\Microsoft.Common.CurrentVersion.targets(2352,5): warning MSB3277:           Project file item includes which caused reference "C:\source\Aggregetter\Aggregetter.Aggre\Aggregetter.Aggre.API\bin\Debug\net6.0\Aggregetter.Aggre.API.dll". [C:\source\Aggregetter\Aggregetter.Aggre\Aggregetter.Aggre.API.IntegrationTests\Aggregetter.Aggre.API.IntegrationTests.csproj]
21:05:16.388 | W | Compile              | C:\Program Files\dotnet\sdk\7.0.100\Microsoft.Common.CurrentVersion.targets(2352,5): warning MSB3277:             C:\source\Aggregetter\Aggregetter.Aggre\Aggregetter.Aggre.API\bin\Debug\net6.0\Aggregetter.Aggre.API.dll [C:\source\Aggregetter\Aggregetter.Aggre\Aggregetter.Aggre.API.IntegrationTests\Aggregetter.Aggre.API.IntegrationTests.csproj]
21:05:16.389 | W | Compile              | C:\Program Files\dotnet\sdk\7.0.100\Microsoft.Common.CurrentVersion.targets(2352,5): warning MSB3277:         C:\source\Aggregetter\Aggregetter.Aggre\Aggregetter.Aggre.Identity\bin\Debug\net6.0\Aggregetter.Aggre.Identity.dll [C:\source\Aggregetter\Aggregetter.Aggre\Aggregetter.Aggre.API.IntegrationTests\Aggregetter.Aggre.API.IntegrationTests.csproj]
21:05:16.389 | W | Compile              | C:\Program Files\dotnet\sdk\7.0.100\Microsoft.Common.CurrentVersion.targets(2352,5): warning MSB3277:           Project file item includes which caused reference "C:\source\Aggregetter\Aggregetter.Aggre\Aggregetter.Aggre.Identity\bin\Debug\net6.0\Aggregetter.Aggre.Identity.dll". [C:\source\Aggregetter\Aggregetter.Aggre\Aggregetter.Aggre.API.IntegrationTests\Aggregetter.Aggre.API.IntegrationTests.csproj]
21:05:16.390 | W | Compile              | C:\Program Files\dotnet\sdk\7.0.100\Microsoft.Common.CurrentVersion.targets(2352,5): warning MSB3277:             C:\source\Aggregetter\Aggregetter.Aggre\Aggregetter.Aggre.Identity\bin\Debug\net6.0\Aggregetter.Aggre.Identity.dll [C:\source\Aggregetter\Aggregetter.Aggre\Aggregetter.Aggre.API.IntegrationTests\Aggregetter.Aggre.API.IntegrationTests.csproj]
21:05:16.390 | W | Compile              | C:\Program Files\dotnet\sdk\7.0.100\Microsoft.Common.CurrentVersion.targets(2352,5): warning MSB3277:             C:\source\Aggregetter\Aggregetter.Aggre\Aggregetter.Aggre.API\bin\Debug\net6.0\Aggregetter.Aggre.API.dll [C:\source\Aggregetter\Aggregetter.Aggre\Aggregetter.Aggre.API.IntegrationTests\Aggregetter.Aggre.API.IntegrationTests.csproj]
21:05:16.390 | W | Compile              | C:\Program Files\dotnet\sdk\7.0.100\Microsoft.Common.CurrentVersion.targets(2352,5): warning MSB3277:         C:\source\Aggregetter\Aggregetter.Aggre\Aggregetter.Aggre.Persistance\bin\Debug\net6.0\Aggregetter.Aggre.Persistence.dll [C:\source\Aggregetter\Aggregetter.Aggre\Aggregetter.Aggre.API.IntegrationTests\Aggregetter.Aggre.API.IntegrationTests.csproj]
21:05:16.390 | W | Compile              | C:\Program Files\dotnet\sdk\7.0.100\Microsoft.Common.CurrentVersion.targets(2352,5): warning MSB3277:           Project file item includes which caused reference "C:\source\Aggregetter\Aggregetter.Aggre\Aggregetter.Aggre.Persistance\bin\Debug\net6.0\Aggregetter.Aggre.Persistence.dll". [C:\source\Aggregetter\Aggregetter.Aggre\Aggregetter.Aggre.API.IntegrationTests\Aggregetter.Aggre.API.IntegrationTests.csproj]
21:05:16.393 | W | Compile              | C:\Program Files\dotnet\sdk\7.0.100\Microsoft.Common.CurrentVersion.targets(2352,5): warning MSB3277:             C:\source\Aggregetter\Aggregetter.Aggre\Aggregetter.Aggre.Persistance\bin\Debug\net6.0\Aggregetter.Aggre.Persistence.dll [C:\source\Aggregetter\Aggregetter.Aggre\Aggregetter.Aggre.API.IntegrationTests\Aggregetter.Aggre.API.IntegrationTests.csproj]
21:05:16.393 | W | Compile              | C:\Program Files\dotnet\sdk\7.0.100\Microsoft.Common.CurrentVersion.targets(2352,5): warning MSB3277:             C:\source\Aggregetter\Aggregetter.Aggre\Aggregetter.Aggre.API\bin\Debug\net6.0\Aggregetter.Aggre.API.dll [C:\source\Aggregetter\Aggregetter.Aggre\Aggregetter.Aggre.API.IntegrationTests\Aggregetter.Aggre.API.IntegrationTests.csproj]
21:05:16.396 | D | Compile              |     1 Warning(s)
21:05:16.400 | D | Compile              |     0 Error(s)
21:05:16.400 | D | Compile              | 
21:05:16.400 | D | Compile              | Time Elapsed 00:00:01.04
21:05:16.425 | V | Compile              | Telemetry.OnTargetSucceeded (0)
21:05:16.425 | V | Compile              | EventInvoker.OnTargetSucceeded (-3.4028235E+38)
21:05:16.427 | V | Test                 | EventInvoker.OnTargetRunning (-3.4028235E+38)
21:05:16.429 | I | Test                 | > "C:\Program Files\dotnet\dotnet.exe" test C:\source\Aggregetter\Aggregetter.Aggre\Aggregetter.Aggre.sln
21:05:17.274 | D | Test                 |   Determining projects to restore...
21:05:17.687 | D | Test                 |   All projects are up-to-date for restore.
21:05:18.063 | D | Test                 |   Aggregetter.Aggre.Domain -> C:\source\Aggregetter\Aggregetter.Aggre\Aggregetter.Aggre.Domain\bin\Debug\net6.0\Aggregetter.Aggre.Domain.dll
21:05:18.197 | D | Test                 |   Aggregetter.Aggre.Application -> C:\source\Aggregetter\Aggregetter.Aggre\Aggregetter.Aggre.Application\bin\Debug\net6.0\Aggregetter.Aggre.Application.dll
21:05:18.355 | D | Test                 |   Aggregetter.Aggre.Infrastructure -> C:\source\Aggregetter\Aggregetter.Aggre\Aggregetter.Aggre.Infrastructure\bin\Debug\net6.0\Aggregetter.Aggre.Infrastructure.dll
21:05:18.356 | D | Test                 |   Aggregetter.Aggre.Persistence -> C:\source\Aggregetter\Aggregetter.Aggre\Aggregetter.Aggre.Persistance\bin\Debug\net6.0\Aggregetter.Aggre.Persistence.dll
21:05:18.401 | D | Test                 |   Aggregetter.Aggre.Application.UnitTests -> C:\source\Aggregetter\Aggregetter.Aggre\Aggregetter.Aggre.Application.UnitTests\bin\Debug\net6.0\Aggregetter.Aggre.Application.UnitTests.dll
21:05:18.417 | D | Test                 | Test run for C:\source\Aggregetter\Aggregetter.Aggre\Aggregetter.Aggre.Application.UnitTests\bin\Debug\net6.0\Aggregetter.Aggre.Application.UnitTests.dll (.NETCoreApp,Version=v6.0)
21:05:18.493 | D | Test                 | Microsoft (R) Test Execution Command Line Tool Version 17.4.0 (x64)
21:05:18.493 | D | Test                 | Copyright (c) Microsoft Corporation.  All rights reserved.
21:05:18.496 | D | Test                 | 
21:05:18.563 | D | Test                 |   Aggregetter.Aggre.Identity -> C:\source\Aggregetter\Aggregetter.Aggre\Aggregetter.Aggre.Identity\bin\Debug\net6.0\Aggregetter.Aggre.Identity.dll
21:05:18.596 | D | Test                 | Starting test execution, please wait...
21:05:18.668 | D | Test                 | A total of 1 test files matched the specified pattern.
21:05:18.909 | D | Test                 |   Aggregetter.Aggre.API -> C:\source\Aggregetter\Aggregetter.Aggre\Aggregetter.Aggre.API\bin\Debug\net6.0\Aggregetter.Aggre.API.dll
21:05:19.068 | W | Test                 | C:\Program Files\dotnet\sdk\7.0.100\Microsoft.Common.CurrentVersion.targets(2352,5): warning MSB3277: Found conflicts between different versions of "Microsoft.EntityFrameworkCore.Relational" that could not be resolved. [C:\source\Aggregetter\Aggregetter.Aggre\Aggregetter.Aggre.API.IntegrationTests\Aggregetter.Aggre.API.IntegrationTests.csproj]
21:05:19.068 | W | Test                 | C:\Program Files\dotnet\sdk\7.0.100\Microsoft.Common.CurrentVersion.targets(2352,5): warning MSB3277: There was a conflict between "Microsoft.EntityFrameworkCore.Relational, Version=6.0.2.0, Culture=neutral, PublicKeyToken=adb9793829ddae60" and "Microsoft.EntityFrameworkCore.Relational, Version=6.0.6.0, Culture=neutral, PublicKeyToken=adb9793829ddae60". [C:\source\Aggregetter\Aggregetter.Aggre\Aggregetter.Aggre.API.IntegrationTests\Aggregetter.Aggre.API.IntegrationTests.csproj]
21:05:19.069 | W | Test                 | C:\Program Files\dotnet\sdk\7.0.100\Microsoft.Common.CurrentVersion.targets(2352,5): warning MSB3277:     "Microsoft.EntityFrameworkCore.Relational, Version=6.0.2.0, Culture=neutral, PublicKeyToken=adb9793829ddae60" was chosen because it was primary and "Microsoft.EntityFrameworkCore.Relational, Version=6.0.6.0, Culture=neutral, PublicKeyToken=adb9793829ddae60" was not. [C:\source\Aggregetter\Aggregetter.Aggre\Aggregetter.Aggre.API.IntegrationTests\Aggregetter.Aggre.API.IntegrationTests.csproj]
21:05:19.069 | W | Test                 | C:\Program Files\dotnet\sdk\7.0.100\Microsoft.Common.CurrentVersion.targets(2352,5): warning MSB3277:     References which depend on "Microsoft.EntityFrameworkCore.Relational, Version=6.0.2.0, Culture=neutral, PublicKeyToken=adb9793829ddae60" [C:\Users\user\.nuget\packages\microsoft.entityframeworkcore.relational\6.0.2\lib\net6.0\Microsoft.EntityFrameworkCore.Relational.dll]. [C:\source\Aggregetter\Aggregetter.Aggre\Aggregetter.Aggre.API.IntegrationTests\Aggregetter.Aggre.API.IntegrationTests.csproj]
21:05:19.069 | W | Test                 | C:\Program Files\dotnet\sdk\7.0.100\Microsoft.Common.CurrentVersion.targets(2352,5): warning MSB3277:         C:\Users\user\.nuget\packages\microsoft.entityframeworkcore.relational\6.0.2\lib\net6.0\Microsoft.EntityFrameworkCore.Relational.dll [C:\source\Aggregetter\Aggregetter.Aggre\Aggregetter.Aggre.API.IntegrationTests\Aggregetter.Aggre.API.IntegrationTests.csproj]
21:05:19.069 | W | Test                 | C:\Program Files\dotnet\sdk\7.0.100\Microsoft.Common.CurrentVersion.targets(2352,5): warning MSB3277:           Project file item includes which caused reference "C:\Users\user\.nuget\packages\microsoft.entityframeworkcore.relational\6.0.2\lib\net6.0\Microsoft.EntityFrameworkCore.Relational.dll". [C:\source\Aggregetter\Aggregetter.Aggre\Aggregetter.Aggre.API.IntegrationTests\Aggregetter.Aggre.API.IntegrationTests.csproj]
21:05:19.069 | W | Test                 | C:\Program Files\dotnet\sdk\7.0.100\Microsoft.Common.CurrentVersion.targets(2352,5): warning MSB3277:             C:\Users\user\.nuget\packages\microsoft.entityframeworkcore.relational\6.0.2\lib\net6.0\Microsoft.EntityFrameworkCore.Relational.dll [C:\source\Aggregetter\Aggregetter.Aggre\Aggregetter.Aggre.API.IntegrationTests\Aggregetter.Aggre.API.IntegrationTests.csproj]
21:05:19.069 | W | Test                 | C:\Program Files\dotnet\sdk\7.0.100\Microsoft.Common.CurrentVersion.targets(2352,5): warning MSB3277:     References which depend on "Microsoft.EntityFrameworkCore.Relational, Version=6.0.6.0, Culture=neutral, PublicKeyToken=adb9793829ddae60" []. [C:\source\Aggregetter\Aggregetter.Aggre\Aggregetter.Aggre.API.IntegrationTests\Aggregetter.Aggre.API.IntegrationTests.csproj]
21:05:19.069 | W | Test                 | C:\Program Files\dotnet\sdk\7.0.100\Microsoft.Common.CurrentVersion.targets(2352,5): warning MSB3277:         C:\source\Aggregetter\Aggregetter.Aggre\Aggregetter.Aggre.API\bin\Debug\net6.0\Aggregetter.Aggre.API.dll [C:\source\Aggregetter\Aggregetter.Aggre\Aggregetter.Aggre.API.IntegrationTests\Aggregetter.Aggre.API.IntegrationTests.csproj]
21:05:19.070 | W | Test                 | C:\Program Files\dotnet\sdk\7.0.100\Microsoft.Common.CurrentVersion.targets(2352,5): warning MSB3277:           Project file item includes which caused reference "C:\source\Aggregetter\Aggregetter.Aggre\Aggregetter.Aggre.API\bin\Debug\net6.0\Aggregetter.Aggre.API.dll". [C:\source\Aggregetter\Aggregetter.Aggre\Aggregetter.Aggre.API.IntegrationTests\Aggregetter.Aggre.API.IntegrationTests.csproj]
21:05:19.070 | W | Test                 | C:\Program Files\dotnet\sdk\7.0.100\Microsoft.Common.CurrentVersion.targets(2352,5): warning MSB3277:             C:\source\Aggregetter\Aggregetter.Aggre\Aggregetter.Aggre.API\bin\Debug\net6.0\Aggregetter.Aggre.API.dll [C:\source\Aggregetter\Aggregetter.Aggre\Aggregetter.Aggre.API.IntegrationTests\Aggregetter.Aggre.API.IntegrationTests.csproj]
21:05:19.070 | W | Test                 | C:\Program Files\dotnet\sdk\7.0.100\Microsoft.Common.CurrentVersion.targets(2352,5): warning MSB3277:         C:\source\Aggregetter\Aggregetter.Aggre\Aggregetter.Aggre.Identity\bin\Debug\net6.0\Aggregetter.Aggre.Identity.dll [C:\source\Aggregetter\Aggregetter.Aggre\Aggregetter.Aggre.API.IntegrationTests\Aggregetter.Aggre.API.IntegrationTests.csproj]
21:05:19.070 | W | Test                 | C:\Program Files\dotnet\sdk\7.0.100\Microsoft.Common.CurrentVersion.targets(2352,5): warning MSB3277:           Project file item includes which caused reference "C:\source\Aggregetter\Aggregetter.Aggre\Aggregetter.Aggre.Identity\bin\Debug\net6.0\Aggregetter.Aggre.Identity.dll". [C:\source\Aggregetter\Aggregetter.Aggre\Aggregetter.Aggre.API.IntegrationTests\Aggregetter.Aggre.API.IntegrationTests.csproj]
21:05:19.070 | W | Test                 | C:\Program Files\dotnet\sdk\7.0.100\Microsoft.Common.CurrentVersion.targets(2352,5): warning MSB3277:             C:\source\Aggregetter\Aggregetter.Aggre\Aggregetter.Aggre.Identity\bin\Debug\net6.0\Aggregetter.Aggre.Identity.dll [C:\source\Aggregetter\Aggregetter.Aggre\Aggregetter.Aggre.API.IntegrationTests\Aggregetter.Aggre.API.IntegrationTests.csproj]
21:05:19.070 | W | Test                 | C:\Program Files\dotnet\sdk\7.0.100\Microsoft.Common.CurrentVersion.targets(2352,5): warning MSB3277:             C:\source\Aggregetter\Aggregetter.Aggre\Aggregetter.Aggre.API\bin\Debug\net6.0\Aggregetter.Aggre.API.dll [C:\source\Aggregetter\Aggregetter.Aggre\Aggregetter.Aggre.API.IntegrationTests\Aggregetter.Aggre.API.IntegrationTests.csproj]
21:05:19.070 | W | Test                 | C:\Program Files\dotnet\sdk\7.0.100\Microsoft.Common.CurrentVersion.targets(2352,5): warning MSB3277:         C:\source\Aggregetter\Aggregetter.Aggre\Aggregetter.Aggre.Persistance\bin\Debug\net6.0\Aggregetter.Aggre.Persistence.dll [C:\source\Aggregetter\Aggregetter.Aggre\Aggregetter.Aggre.API.IntegrationTests\Aggregetter.Aggre.API.IntegrationTests.csproj]
21:05:19.071 | W | Test                 | C:\Program Files\dotnet\sdk\7.0.100\Microsoft.Common.CurrentVersion.targets(2352,5): warning MSB3277:           Project file item includes which caused reference "C:\source\Aggregetter\Aggregetter.Aggre\Aggregetter.Aggre.Persistance\bin\Debug\net6.0\Aggregetter.Aggre.Persistence.dll". [C:\source\Aggregetter\Aggregetter.Aggre\Aggregetter.Aggre.API.IntegrationTests\Aggregetter.Aggre.API.IntegrationTests.csproj]
21:05:19.071 | W | Test                 | C:\Program Files\dotnet\sdk\7.0.100\Microsoft.Common.CurrentVersion.targets(2352,5): warning MSB3277:             C:\source\Aggregetter\Aggregetter.Aggre\Aggregetter.Aggre.Persistance\bin\Debug\net6.0\Aggregetter.Aggre.Persistence.dll [C:\source\Aggregetter\Aggregetter.Aggre\Aggregetter.Aggre.API.IntegrationTests\Aggregetter.Aggre.API.IntegrationTests.csproj]
21:05:19.071 | W | Test                 | C:\Program Files\dotnet\sdk\7.0.100\Microsoft.Common.CurrentVersion.targets(2352,5): warning MSB3277:             C:\source\Aggregetter\Aggregetter.Aggre\Aggregetter.Aggre.API\bin\Debug\net6.0\Aggregetter.Aggre.API.dll [C:\source\Aggregetter\Aggregetter.Aggre\Aggregetter.Aggre.API.IntegrationTests\Aggregetter.Aggre.API.IntegrationTests.csproj]
21:05:19.224 | D | Test                 |   Aggregetter.Aggre.API.IntegrationTests -> C:\source\Aggregetter\Aggregetter.Aggre\Aggregetter.Aggre.API.IntegrationTests\bin\Debug\net6.0\Aggregetter.Aggre.API.IntegrationTests.dll
21:05:19.277 | D | Test                 | Test run for C:\source\Aggregetter\Aggregetter.Aggre\Aggregetter.Aggre.API.IntegrationTests\bin\Debug\net6.0\Aggregetter.Aggre.API.IntegrationTests.dll (.NETCoreApp,Version=v6.0)
21:05:19.352 | D | Test                 | Microsoft (R) Test Execution Command Line Tool Version 17.4.0 (x64)
21:05:19.352 | D | Test                 | Copyright (c) Microsoft Corporation.  All rights reserved.
21:05:19.354 | D | Test                 | 
21:05:19.437 | D | Test                 | Starting test execution, please wait...
21:05:19.489 | D | Test                 | A total of 1 test files matched the specified pattern.
21:05:20.243 | D | Test                 | 
21:05:20.247 | D | Test                 | Passed!  - Failed:     0, Passed:    44, Skipped:     0, Total:    44, Duration: 142 ms - Aggregetter.Aggre.Application.UnitTests.dll (net6.0)
21:06:16.429 | D | Test                 | 
21:06:16.433 | D | Test                 | Passed!  - Failed:     0, Passed:    19, Skipped:     0, Total:    19, Duration: 493 ms - Aggregetter.Aggre.API.IntegrationTests.dll (net6.0)
21:06:16.577 | V | Test                 | Telemetry.OnTargetSucceeded (0)
21:06:16.577 | V | Test                 | EventInvoker.OnTargetSucceeded (-3.4028235E+38)
